Execute command: [
  `which`
  `cmake`
]
[/home/vagrant/Projects/lab-08-asio-client]> "which" "cmake"
/usr/local/bin/cmake
Execute command: [
  `cmake`
  `--version`
]
[/home/vagrant/Projects/lab-08-asio-client]> "cmake" "--version"
cmake version 3.13.2

CMake suite maintained and supported by Kitware (kitware.com/cmake).
Execute command: [
  `cmake`
  `-H.`
  `-B/home/vagrant/Projects/lab-08-asio-client/_builds/gcc-7-cxx17-pic-Debug`
  `-DCMAKE_BUILD_TYPE=Debug`
  `-GUnix Makefiles`
  `-DCMAKE_TOOLCHAIN_FILE=/home/vagrant/Projects/lab-08-asio-client/tools/polly/gcc-7-cxx17-pic.cmake`
  `-DCMAKE_EXE_LINKER=-fuse-ld=gold`
  `-DHUNTER_CONFIGURATION_TYPES=Debug`
]
[/home/vagrant/Projects/lab-08-asio-client]> "cmake" "-H." "-B/home/vagrant/Projects/lab-08-asio-client/_builds/gcc-7-cxx17-pic-Debug" "-DCMAKE_BUILD_TYPE=Debug" "-GUnix Makefiles" "-DCMAKE_TOOLCHAIN_FILE=/home/vagrant/Projects/lab-08-asio-client/tools/polly/gcc-7-cxx17-pic.cmake" "-DCMAKE_EXE_LINKER=-fuse-ld=gold" "-DHUNTER_CONFIGURATION_TYPES=Debug"
-- [polly] Used toolchain: gcc 7 / c++17 support / PIC
-- [hunter] Calculating Toolchain-SHA1
-- [hunter] Calculating Config-SHA1
-- [hunter] HUNTER_ROOT: /root/.hunter
-- [hunter] [ Hunter-ID: 70287b1 | Toolchain-ID: fc9dcb2 | Config-ID: dffbc08 ]
-- [hunter] GTEST_ROOT: /root/.hunter/_Base/70287b1/fc9dcb2/dffbc08/Install (ver.: 1.8.0-hunter-p11)
-- [hunter] BOOST_ROOT: /root/.hunter/_Base/70287b1/fc9dcb2/dffbc08/Install (ver.: 1.68.0-p1)
-- [hunter] BOOST_ROOT: /root/.hunter/_Base/70287b1/fc9dcb2/dffbc08/Install (ver.: 1.68.0-p1)
-- [hunter] BOOST_ROOT: /root/.hunter/_Base/70287b1/fc9dcb2/dffbc08/Install (ver.: 1.68.0-p1)
-- [hunter] BOOST_ROOT: /root/.hunter/_Base/70287b1/fc9dcb2/dffbc08/Install (ver.: 1.68.0-p1)
-- [hunter] BOOST_ROOT: /root/.hunter/_Base/70287b1/fc9dcb2/dffbc08/Install (ver.: 1.68.0-p1)
-- [hunter] BOOST_ROOT: /root/.hunter/_Base/70287b1/fc9dcb2/dffbc08/Install (ver.: 1.68.0-p1)
-- Boost version: 1.68.0
-- Found the following Boost libraries:
--   log
--   thread
--   filesystem
--   system
--   date_time
-- Configuring done
-- Generating done
-- Build files have been written to: /home/vagrant/Projects/lab-08-asio-client/_builds/gcc-7-cxx17-pic-Debug
Execute command: [
  `cmake`
  `--build`
  `/home/vagrant/Projects/lab-08-asio-client/_builds/gcc-7-cxx17-pic-Debug`
  `--config`
  `Debug`
  `--`
]
[/home/vagrant/Projects/lab-08-asio-client]> "cmake" "--build" "/home/vagrant/Projects/lab-08-asio-client/_builds/gcc-7-cxx17-pic-Debug" "--config" "Debug" "--"
[ 37%] Built target client
Scanning dependencies of target main
[ 50%] Building CXX object CMakeFiles/main.dir/tests/test.cpp.o
[ 62%] Linking CXX executable main
CMakeFiles/main.dir/tests/test.cpp.o: In function `talk_to_srv_Test1_Test::TestBody()':
/home/vagrant/Projects/lab-08-asio-client/tests/test.cpp:10: undefined reference to `testing::Message::Message()'
/home/vagrant/Projects/lab-08-asio-client/tests/test.cpp:10: undefined reference to `testing::internal::AssertHelper::AssertHelper(testing::TestPartResult::Type, char const*, int, char const*)'
/home/vagrant/Projects/lab-08-asio-client/tests/test.cpp:10: undefined reference to `testing::internal::AssertHelper::operator=(testing::Message const&) const'
/home/vagrant/Projects/lab-08-asio-client/tests/test.cpp:10: undefined reference to `testing::internal::AssertHelper::~AssertHelper()'
/home/vagrant/Projects/lab-08-asio-client/tests/test.cpp:10: undefined reference to `testing::internal::AssertHelper::~AssertHelper()'
CMakeFiles/main.dir/tests/test.cpp.o: In function `__static_initialization_and_destruction_0(int, int)':
CMakeFiles/main.dir/build.make:93: recipe for target 'main' failed
CMakeFiles/Makefile2:72: recipe for target 'CMakeFiles/main.dir/all' failed
Makefile:94: recipe for target 'all' failed
/home/vagrant/Projects/lab-08-asio-client/tests/test.cpp:7: undefined reference to `testing::internal::GetTestTypeId()'
/home/vagrant/Projects/lab-08-asio-client/tests/test.cpp:7: undefined reference to `testing::internal::MakeAndRegisterTestInfo(char const*, char const*, char const*, char const*, testing::internal::CodeLocation, void const*, void (*)(), void (*)(), testing::internal::TestFactoryBase*)'
CMakeFiles/main.dir/tests/test.cpp.o: In function `testing::internal::PrintTo(std::__cxx11::basic_string<char, std::char_traits<char>, std::allocator<char> > const&, std::ostream*)':
/root/.hunter/_Base/70287b1/fc9dcb2/dffbc08/Install/include/gtest/gtest-printers.h:583: undefined reference to `testing::internal::PrintStringTo(std::__cxx11::basic_string<char, std::char_traits<char>, std::allocator<char> > const&, std::ostream*)'
CMakeFiles/main.dir/tests/test.cpp.o: In function `talk_to_srv_Test1_Test::talk_to_srv_Test1_Test()':
/home/vagrant/Projects/lab-08-asio-client/tests/test.cpp:7: undefined reference to `testing::Test::Test()'
CMakeFiles/main.dir/tests/test.cpp.o: In function `testing::internal::scoped_ptr<std::__cxx11::basic_string<char, std::char_traits<char>, std::allocator<char> > >::reset(std::__cxx11::basic_string<char, std::char_traits<char>, std::allocator<char> >*)':
/root/.hunter/_Base/70287b1/fc9dcb2/dffbc08/Install/include/gtest/internal/gtest-port.h:1198: undefined reference to `testing::internal::IsTrue(bool)'
CMakeFiles/main.dir/tests/test.cpp.o: In function `testing::internal::scoped_ptr<std::__cxx11::basic_stringstream<char, std::char_traits<char>, std::allocator<char> > >::reset(std::__cxx11::basic_stringstream<char, std::char_traits<char>, std::allocator<char> >*)':
/root/.hunter/_Base/70287b1/fc9dcb2/dffbc08/Install/include/gtest/internal/gtest-port.h:1198: undefined reference to `testing::internal::IsTrue(bool)'
CMakeFiles/main.dir/tests/test.cpp.o: In function `testing::AssertionResult testing::internal::CmpHelperEQ<char [5], std::__cxx11::basic_string<char, std::char_traits<char>, std::allocator<char> > >(char const*, char const*, char const (&) [5], std::__cxx11::basic_string<char, std::char_traits<char>, std::allocator<char> > const&)':
/root/.hunter/_Base/70287b1/fc9dcb2/dffbc08/Install/include/gtest/gtest.h:1393: undefined reference to `testing::AssertionSuccess()'
CMakeFiles/main.dir/tests/test.cpp.o: In function `testing::AssertionResult testing::internal::CmpHelperEQFailure<char [5], std::__cxx11::basic_string<char, std::char_traits<char>, std::allocator<char> > >(char const*, char const*, char const (&) [5], std::__cxx11::basic_string<char, std::char_traits<char>, std::allocator<char> > const&)':
/root/.hunter/_Base/70287b1/fc9dcb2/dffbc08/Install/include/gtest/gtest.h:1382: undefined reference to `testing::internal::EqFailure(char const*, char const*, std::__cxx11::basic_string<char, std::char_traits<char>, std::allocator<char> > const&, std::__cxx11::basic_string<char, std::char_traits<char>, std::allocator<char> > const&, bool)'
CMakeFiles/main.dir/tests/test.cpp.o:(.data.rel.ro._ZTV22talk_to_srv_Test1_Test[_ZTV22talk_to_srv_Test1_Test]+0x20): undefined reference to `testing::Test::SetUp()'
CMakeFiles/main.dir/tests/test.cpp.o:(.data.rel.ro._ZTV22talk_to_srv_Test1_Test[_ZTV22talk_to_srv_Test1_Test]+0x28): undefined reference to `testing::Test::TearDown()'
CMakeFiles/main.dir/tests/test.cpp.o: In function `talk_to_srv_Test1_Test::~talk_to_srv_Test1_Test()':
/home/vagrant/Projects/lab-08-asio-client/tests/test.cpp:7: undefined reference to `testing::Test::~Test()'
CMakeFiles/main.dir/tests/test.cpp.o:(.data.rel.ro._ZTI22talk_to_srv_Test1_Test[_ZTI22talk_to_srv_Test1_Test]+0x10): undefined reference to `typeinfo for testing::Test'
collect2: error: ld returned 1 exit status
make[2]: *** [main] Error 1
make[1]: *** [CMakeFiles/main.dir/all] Error 2
make: *** [all] Error 2
